<?xml version="1.0" encoding="utf-8"?><testsuites name="pytest tests"><testsuite name="pytest" errors="0" failures="0" skipped="0" tests="16" time="0.055" timestamp="2025-10-29T18:38:11.140923+02:00" hostname="LAPTOP-RNC6Q593"><testcase classname="tests.tests_solution" name="test_negative_solution[list0-5-None]" time="0.001" /><testcase classname="tests.tests_solution" name="test_negative_solution[list1--1000000000-None]" time="0.001" /><testcase classname="tests.tests_solution" name="test_negative_solution[list2-1000000000-None]" time="0.001" /><testcase classname="tests.tests_solution" name="test_negative_solution[list3-3-None]" time="0.001" /><testcase classname="tests.tests_solution" name="test_negative_solution[list4-3-None]" time="0.001" /><testcase classname="tests.tests_solution" name="test_positive_solution[list0-9-expected0]" time="0.001" /><testcase classname="tests.tests_solution" name="test_positive_solution[list1-6-expected1]" time="0.001" /><testcase classname="tests.tests_solution" name="test_positive_solution[list2-6-expected2]" time="0.001" /><testcase classname="tests.tests_solution" name="test_positive_solution[list3-6-expected3]" time="0.001" /><testcase classname="tests.tests_solution" name="test_positive_solution[list4-6-expected4]" time="0.001" /><testcase classname="tests.tests_solution" name="test_positive_solution[list5-5-expected5]" time="0.001" /><testcase classname="tests.tests_solution" name="test_positive_solution[list6-3-expected6]" time="0.001" /><testcase classname="tests.tests_solution" name="test_positive_solution[list7-5-expected7]" time="0.002" /><testcase classname="tests.tests_solution" name="test_positive_merge[lnums10-3-nums20-3-expected0]" time="0.001" /><testcase classname="tests.tests_solution" name="test_positive_merge[lnums11-1-nums21-0-expected1]" time="0.001" /><testcase classname="tests.tests_solution" name="test_positive_merge[lnums12-0-nums22-1-expected2]" time="0.001" /></testsuite></testsuites>